app/build/intermediates/manifest_merge_blame_file/release/processReleaseMainManifest/manifest-merger-blame-release-report.txt
1<?xml version="1.0" encoding="utf-8"?>
2<manifest xmlns:android="http://schemas.android.com/apk/res/android"
3    package="com.raylib.raymob"
4    android:versionCode="1"
5    android:versionName="1.0" >
6
7    <uses-sdk
8        android:minSdkVersion="24"
9        android:targetSdkVersion="34" />
10
11    <uses-feature
12        android:glEsVersion="0x00030000"
12-->src\main\AndroidManifest.xml:5:19-59
13        android:required="true" />
13-->src\main\AndroidManifest.xml:5:60-83
14
15    <!-- Indicates the requirements for this application -->
16
17    <uses-permission
18        android:name="android.permission.INTERNET"
18-->src\main\AndroidManifest.xml:9:22-64
19        android:required="false" />
19-->src\main\AndroidManifest.xml:10:9-47
20    <uses-permission
21        android:name="android.permission.VIBRATE"
21-->src\main\AndroidManifest.xml:12:22-63
22        android:required="false" />
22-->src\main\AndroidManifest.xml:13:9-48
23
24    <uses-feature
25        android:name="android.hardware.sensor.gyroscope"
25-->src\main\AndroidManifest.xml:15:19-67
26        android:required="false" />
26-->src\main\AndroidManifest.xml:16:9-48
27    <uses-feature
28        android:name="android.hardware.sensor.accelerometer"
28-->src\main\AndroidManifest.xml:18:19-71
29        android:required="false" />
29-->src\main\AndroidManifest.xml:19:9-52
30
31    <!-- Application config -->
32    <application
32-->src\main\AndroidManifest.xml:23:5-46:19
33        android:allowBackup="false"
33-->src\main\AndroidManifest.xml:24:9-36
34        android:extractNativeLibs="false"
35        android:icon="@mipmap/ic_launcher"
35-->src\main\AndroidManifest.xml:25:9-43
36        android:label="@string/app_name"
36-->src\main\AndroidManifest.xml:26:9-41
37        android:roundIcon="@mipmap/ic_launcher_round" >
37-->src\main\AndroidManifest.xml:27:9-54
38        <activity
38-->src\main\AndroidManifest.xml:29:9-44:20
39            android:name="com.raylib.raymob.NativeLoader"
39-->src\main\AndroidManifest.xml:30:13-41
40            android:clearTaskOnLaunch="true"
40-->src\main\AndroidManifest.xml:34:13-45
41            android:configChanges="orientation|keyboardHidden|screenSize"
41-->src\main\AndroidManifest.xml:31:13-74
42            android:exported="true"
42-->src\main\AndroidManifest.xml:35:13-36
43            android:launchMode="singleTask"
43-->src\main\AndroidManifest.xml:32:51-82
44            android:resizeableActivity="false"
44-->src\main\AndroidManifest.xml:33:13-47
45            android:screenOrientation="landscape" >
45-->src\main\AndroidManifest.xml:32:13-50
46            <intent-filter>
46-->src\main\AndroidManifest.xml:36:13-39:29
47                <action android:name="android.intent.action.MAIN" />
47-->src\main\AndroidManifest.xml:37:17-69
47-->src\main\AndroidManifest.xml:37:25-66
48
49                <category android:name="android.intent.category.LAUNCHER" />
49-->src\main\AndroidManifest.xml:38:27-81
50            </intent-filter>
51
52            <meta-data
53                android:name="android.app.lib_name"
53-->src\main\AndroidManifest.xml:42:17-52
54                android:value="raymob" />
54-->src\main\AndroidManifest.xml:43:17-48
55        </activity>
56    </application>
57
58</manifest>